$ spack install
==> Installing environment /home/spack/devel-env
==> Waiting for ncurses-6.2-d34lizgt45miuctn4cmx7quklvukdd2w
[+] /home/spack/spack/opt/spack/linux-ubuntu18.04-x86_64/gcc-7.5.0/ncurses-6.2-d34lizgt45miuctn4cmx7quklvukdd2w
==> Waiting for zlib-1.2.11-3rlgy7ycxtoho44una6o3itgfjltkmpd
[+] /home/spack/spack/opt/spack/linux-ubuntu18.04-x86_64/gcc-7.5.0/zlib-1.2.11-3rlgy7ycxtoho44una6o3itgfjltkmpd
==> Waiting for json-cwx-0.12-2cj3pokgau53ss52t6y52zhft3jennb4
[+] /home/spack/spack/opt/spack/linux-ubuntu18.04-x86_64/gcc-7.5.0/json-cwx-0.12-2cj3pokgau53ss52t6y52zhft3jennb4
==> Waiting for libpciaccess-0.16-ryhmw2gqeeqclg65uuabqgsgpiac2nm2
[+] /home/spack/spack/opt/spack/linux-ubuntu18.04-x86_64/gcc-7.5.0/libpciaccess-0.16-ryhmw2gqeeqclg65uuabqgsgpiac2nm2
==> Waiting for libiconv-1.16-qi7dxj6rgdydno5mdjzyolz6applztig
[+] /home/spack/spack/opt/spack/linux-ubuntu18.04-x86_64/gcc-7.5.0/libiconv-1.16-qi7dxj6rgdydno5mdjzyolz6applztig
==> Waiting for xz-5.2.5-nplaapsuxr5djslmxm6sdmaw2xl4d2ti
[+] /home/spack/spack/opt/spack/linux-ubuntu18.04-x86_64/gcc-7.5.0/xz-5.2.5-nplaapsuxr5djslmxm6sdmaw2xl4d2ti
==> Waiting for numactl-2.0.14-3opot4q2nxdmogm7t5pt5wkhvapqex76
[+] /home/spack/spack/opt/spack/linux-ubuntu18.04-x86_64/gcc-7.5.0/numactl-2.0.14-3opot4q2nxdmogm7t5pt5wkhvapqex76
==> Waiting for bzip2-1.0.8-55rtzz4s6m4swr6x7exse22ucbmluwl3
[+] /home/spack/spack/opt/spack/linux-ubuntu18.04-x86_64/gcc-7.5.0/bzip2-1.0.8-55rtzz4s6m4swr6x7exse22ucbmluwl3
==> Waiting for libffi-3.3-4bz34d34hhd46kk5a56sxfxsiifstgqm
[+] /home/spack/spack/opt/spack/linux-ubuntu18.04-x86_64/gcc-7.5.0/libffi-3.3-4bz34d34hhd46kk5a56sxfxsiifstgqm
==> Waiting for pcre-8.44-cgah7konnh5573ylmymnl33dqcgoxihf
[+] /home/spack/spack/opt/spack/linux-ubuntu18.04-x86_64/gcc-7.5.0/pcre-8.44-cgah7konnh5573ylmymnl33dqcgoxihf
==> Waiting for berkeley-db-18.1.40-ue5lnfmm3yaiwm2jha4pnbg2s4h7jaqb
[+] /home/spack/spack/opt/spack/linux-ubuntu18.04-x86_64/gcc-7.5.0/berkeley-db-18.1.40-ue5lnfmm3yaiwm2jha4pnbg2s4h7jaqb
==> Waiting for libmd-1.0.3-aq7ydx6pf32mhb7f5ekv3saqc63avue4
[+] /home/spack/spack/opt/spack/linux-ubuntu18.04-x86_64/gcc-7.5.0/libmd-1.0.3-aq7ydx6pf32mhb7f5ekv3saqc63avue4
==> Waiting for util-linux-uuid-2.36.2-c23s54sq5hbjqkyia3gbxc6frz5xnu67
[+] /home/spack/spack/opt/spack/linux-ubuntu18.04-x86_64/gcc-7.5.0/util-linux-uuid-2.36.2-c23s54sq5hbjqkyia3gbxc6frz5xnu67
==> Waiting for json-c-0.15-2dxobcc2dlh22ezwpqojayh7yjxm6xh7
[+] /home/spack/spack/opt/spack/linux-ubuntu18.04-x86_64/gcc-7.5.0/json-c-0.15-2dxobcc2dlh22ezwpqojayh7yjxm6xh7
==> Waiting for lz4-1.9.3-nuqiq664fip3rtr5c6jtzmzlonvm2omg
[+] /home/spack/spack/opt/spack/linux-ubuntu18.04-x86_64/gcc-7.5.0/lz4-1.9.3-nuqiq664fip3rtr5c6jtzmzlonvm2omg
==> Waiting for libgpg-error-1.42-cexzidcgh23waigsmbhusasgnpgtxs3c
[+] /home/spack/spack/opt/spack/linux-ubuntu18.04-x86_64/gcc-7.5.0/libgpg-error-1.42-cexzidcgh23waigsmbhusasgnpgtxs3c
==> Waiting for pdsh-2.31-6ffspsjtiqvzouzj5wno4bqfr3kvs275
[+] /home/spack/spack/opt/spack/linux-ubuntu18.04-x86_64/gcc-7.5.0/pdsh-2.31-6ffspsjtiqvzouzj5wno4bqfr3kvs275
==> Waiting for pkgconf-1.8.0-ucp6vz7fe6ihtcmqav3vucwgqjwyw7po
[+] /home/spack/spack/opt/spack/linux-ubuntu18.04-x86_64/gcc-7.5.0/pkgconf-1.8.0-ucp6vz7fe6ihtcmqav3vucwgqjwyw7po
==> Waiting for readline-8.1-27u6g7pchcquj67llpfzttc6n7e5pfjg
[+] /home/spack/spack/opt/spack/linux-ubuntu18.04-x86_64/gcc-7.5.0/readline-8.1-27u6g7pchcquj67llpfzttc6n7e5pfjg
==> Waiting for libedit-3.1-20210216-3lzuqwnyuelfhjrxpn45akh7huu3ifr5
[+] /home/spack/spack/opt/spack/linux-ubuntu18.04-x86_64/gcc-7.5.0/libedit-3.1-20210216-3lzuqwnyuelfhjrxpn45akh7huu3ifr5
==> Waiting for openssl-1.1.1l-lygx3cqqbvl5gkyvfkggphorm7xus2ih
[+] /home/spack/spack/opt/spack/linux-ubuntu18.04-x86_64/gcc-7.5.0/openssl-1.1.1l-lygx3cqqbvl5gkyvfkggphorm7xus2ih
==> Waiting for tar-1.34-otlzkgdrugkhzebt75hwibn55g25owfg
[+] /home/spack/spack/opt/spack/linux-ubuntu18.04-x86_64/gcc-7.5.0/tar-1.34-otlzkgdrugkhzebt75hwibn55g25owfg
==> Waiting for libxml2-2.9.12-2hw4ddh7dbtl3wcw5hrt4kk2fkwhfuzj
[+] /home/spack/spack/opt/spack/linux-ubuntu18.04-x86_64/gcc-7.5.0/libxml2-2.9.12-2hw4ddh7dbtl3wcw5hrt4kk2fkwhfuzj
==> Waiting for libbsd-0.11.3-j5lylsyqvmdsqyeroekdwv2l7ayusg66
[+] /home/spack/spack/opt/spack/linux-ubuntu18.04-x86_64/gcc-7.5.0/libbsd-0.11.3-j5lylsyqvmdsqyeroekdwv2l7ayusg66
==> Waiting for libgcrypt-1.9.3-64zlffccerrhz3nlkxjx63wpzq5fvxg2
[+] /home/spack/spack/opt/spack/linux-ubuntu18.04-x86_64/gcc-7.5.0/libgcrypt-1.9.3-64zlffccerrhz3nlkxjx63wpzq5fvxg2
==> Waiting for gdbm-1.19-oftaepjelizkam37ezxwkuw27clnosqn
[+] /home/spack/spack/opt/spack/linux-ubuntu18.04-x86_64/gcc-7.5.0/gdbm-1.19-oftaepjelizkam37ezxwkuw27clnosqn
==> Waiting for sqlite-3.36.0-ckghzv6lpov23xcc2fchao54pehnzms5
[+] /home/spack/spack/opt/spack/linux-ubuntu18.04-x86_64/gcc-7.5.0/sqlite-3.36.0-ckghzv6lpov23xcc2fchao54pehnzms5
==> Waiting for openssh-8.7p1-ux36qlbxdga4c5oragb7o5r4y7bsgbpy
[+] /home/spack/spack/opt/spack/linux-ubuntu18.04-x86_64/gcc-7.5.0/openssh-8.7p1-ux36qlbxdga4c5oragb7o5r4y7bsgbpy
==> Waiting for cmake-3.21.4-anj6kcxdxzhfufoypya56mmsmxlyucea
[+] /home/spack/spack/opt/spack/linux-ubuntu18.04-x86_64/gcc-7.5.0/cmake-3.21.4-anj6kcxdxzhfufoypya56mmsmxlyucea
==> Waiting for curl-7.79.0-5qolphzwei45fvq5np5xywkjijyy2pqj
[+] /home/spack/spack/opt/spack/linux-ubuntu18.04-x86_64/gcc-7.5.0/curl-7.79.0-5qolphzwei45fvq5np5xywkjijyy2pqj
==> Waiting for libevent-2.1.12-xai6pycqx4h6n2l7f676q3kwql5zjdaw
[+] /home/spack/spack/opt/spack/linux-ubuntu18.04-x86_64/gcc-7.5.0/libevent-2.1.12-xai6pycqx4h6n2l7f676q3kwql5zjdaw
==> Waiting for hwloc-2.6.0-gedgnpght7xquztmkhthmaid6lbhlz4p
[+] /home/spack/spack/opt/spack/linux-ubuntu18.04-x86_64/gcc-7.5.0/hwloc-2.6.0-gedgnpght7xquztmkhthmaid6lbhlz4p
==> Waiting for gettext-0.21-2zkxpoqsacwadhe44zhd5hrozt344yfl
[+] /home/spack/spack/opt/spack/linux-ubuntu18.04-x86_64/gcc-7.5.0/gettext-0.21-2zkxpoqsacwadhe44zhd5hrozt344yfl
==> Waiting for expat-2.4.1-j3i7qneh3l4itds4i2fi4h3s43ywviln
[+] /home/spack/spack/opt/spack/linux-ubuntu18.04-x86_64/gcc-7.5.0/expat-2.4.1-j3i7qneh3l4itds4i2fi4h3s43ywviln
==> Waiting for munge-0.5.14-h2wjv26l5fzghzgjh37s6itdwdsr3cj7
[+] /home/spack/spack/opt/spack/linux-ubuntu18.04-x86_64/gcc-7.5.0/munge-0.5.14-h2wjv26l5fzghzgjh37s6itdwdsr3cj7
==> Waiting for perl-5.34.0-672tzldkvypvrxirrs5okvjrfvhxzyzv
[+] /home/spack/spack/opt/spack/linux-ubuntu18.04-x86_64/gcc-7.5.0/perl-5.34.0-672tzldkvypvrxirrs5okvjrfvhxzyzv
==> Waiting for openmpi-4.1.1-p5qicacmcy72pjljd4lfdy66kavxp3tv
[+] /home/spack/spack/opt/spack/linux-ubuntu18.04-x86_64/gcc-7.5.0/openmpi-4.1.1-p5qicacmcy72pjljd4lfdy66kavxp3tv
==> Waiting for python-3.8.12-g2gj6mwslk2hfaalmye23emjrpgnxetb
[+] /home/spack/spack/opt/spack/linux-ubuntu18.04-x86_64/gcc-7.5.0/python-3.8.12-g2gj6mwslk2hfaalmye23emjrpgnxetb
==> Waiting for rankstr-0.1.0-qczvcxabjkrlkau6mz42nhdyqkpzpo2e
[+] /home/spack/spack/opt/spack/linux-ubuntu18.04-x86_64/gcc-7.5.0/rankstr-0.1.0-qczvcxabjkrlkau6mz42nhdyqkpzpo2e
==> Waiting for hdf5-1.10.7-vt7sza3ycdsw62lk3f2dtnlvmeyihe3r
[+] /home/spack/spack/opt/spack/linux-ubuntu18.04-x86_64/gcc-7.5.0/hdf5-1.10.7-vt7sza3ycdsw62lk3f2dtnlvmeyihe3r
==> Waiting for lwgrp-1.0.4-45q636plsnkwwadt5wzgweqxwiuzmq5b
[+] /home/spack/spack/opt/spack/linux-ubuntu18.04-x86_64/gcc-7.5.0/lwgrp-1.0.4-45q636plsnkwwadt5wzgweqxwiuzmq5b
==> Waiting for kvtree-1.2.0-w4o6stu7qync7ftpnqzp4q3i7drqu7it
[+] /home/spack/spack/opt/spack/linux-ubuntu18.04-x86_64/gcc-7.5.0/kvtree-1.2.0-w4o6stu7qync7ftpnqzp4q3i7drqu7it
==> Waiting for spath-0.1.0-5n2fda6ntrtayz5m7pyh7v5ea4ppuunh
[+] /home/spack/spack/opt/spack/linux-ubuntu18.04-x86_64/gcc-7.5.0/spath-0.1.0-5n2fda6ntrtayz5m7pyh7v5ea4ppuunh
==> Waiting for glib-2.70.0-fp5v74247d4zw5txq3mf5gfif6l2zafr
[+] /home/spack/spack/opt/spack/linux-ubuntu18.04-x86_64/gcc-7.5.0/glib-2.70.0-fp5v74247d4zw5txq3mf5gfif6l2zafr
==> Waiting for silo-4.10.2-k6jhkinwksprvq3sm5q7awrqefz7acv6
[+] /home/spack/spack/opt/spack/linux-ubuntu18.04-x86_64/gcc-7.5.0/silo-4.10.2-k6jhkinwksprvq3sm5q7awrqefz7acv6
==> Waiting for dtcmp-1.1.3-jcs7klxz4mprtgg3vixn7346pkz445sf
[+] /home/spack/spack/opt/spack/linux-ubuntu18.04-x86_64/gcc-7.5.0/dtcmp-1.1.3-jcs7klxz4mprtgg3vixn7346pkz445sf
==> Waiting for axl-0.5.0-rxun63l6zerlrxeisxa4tzeysled2req
[+] /home/spack/spack/opt/spack/linux-ubuntu18.04-x86_64/gcc-7.5.0/axl-0.5.0-rxun63l6zerlrxeisxa4tzeysled2req
==> Waiting for redset-0.1.0-tgrmlddrtvtuqe7gwaht5zv54sbzpfce
[+] /home/spack/spack/opt/spack/linux-ubuntu18.04-x86_64/gcc-7.5.0/redset-0.1.0-tgrmlddrtvtuqe7gwaht5zv54sbzpfce
==> Waiting for shuffile-0.1.0-aj7f4pictw52dabw63guqkuviizhnvns
[+] /home/spack/spack/opt/spack/linux-ubuntu18.04-x86_64/gcc-7.5.0/shuffile-0.1.0-aj7f4pictw52dabw63guqkuviizhnvns
==> Waiting for slurm-21-08-1-1-o245qontgozhxt7crmu56qlzqvpi34be
[+] /home/spack/spack/opt/spack/linux-ubuntu18.04-x86_64/gcc-7.5.0/slurm-21-08-1-1-o245qontgozhxt7crmu56qlzqvpi34be
==> Waiting for er-0.1.0-exjzn32vtkh45poknfhegbkrky5i23vl
[+] /home/spack/spack/opt/spack/linux-ubuntu18.04-x86_64/gcc-7.5.0/er-0.1.0-exjzn32vtkh45poknfhegbkrky5i23vl
==> Waiting for libyogrt-1.24-p3d3hsxpsgv7qftiym34g4emus25zci6
[+] /home/spack/spack/opt/spack/linux-ubuntu18.04-x86_64/gcc-7.5.0/libyogrt-1.24-p3d3hsxpsgv7qftiym34g4emus25zci6
==> Waiting for scr-3.0rc2-pf7aims2yr3cuypc3wnl2hvj5udjb3dd
==> Installing scr-3.0rc2-pf7aims2yr3cuypc3wnl2hvj5udjb3dd
==> No binary for scr-3.0rc2-pf7aims2yr3cuypc3wnl2hvj5udjb3dd found: installing from source
==> No patches needed for scr
==> scr: Executing phase: 'cmake'
==> scr: Executing phase: 'build'
==> Error: ProcessError: Command exited with status 2:
    'make' '-j2'

7 errors found in build log:
     487    make[2]: Leaving directory '/home/spack/devel-env/scr/spack-build-pf7aims'
     488    [ 90%] Built target test_config
     489    make  -f examples/CMakeFiles/test_api_multiple.dir/build.make examples/CMakeFiles/tes
	    t_api_multiple.dir/depend
     490    make[2]: Entering directory '/home/spack/devel-env/scr/spack-build-pf7aims'
     491    cd /home/spack/devel-env/scr/spack-build-pf7aims && /home/spack/spack/opt/spack/linux
	    -ubuntu18.04-x86_64/gcc-7.5.0/cmake-3.21.4-anj6kcxdxzhfufoypya56mmsmxlyucea/bin/cmake
	     -E cmake_depends "Unix Makefiles" /home/spack/devel-env/scr /home/spack/devel-env/sc
	    r/examples /home/spack/devel-env/scr/spack-build-pf7aims /home/spack/devel-env/scr/sp
	    ack-build-pf7aims/examples /home/spack/devel-env/scr/spack-build-pf7aims/examples/CMa
	    keFiles/test_api_multiple.dir/DependInfo.cmake --color=
     492    Consolidate compiler generated dependencies of target test_api_multiple
  >> 493    /home/spack/devel-env/scr/src/scr_copy.c:53:1: error: expected ',' or ';' before 'int
	    '
     494     int print_usage()
     495     ^~~
     496    make[2]: Leaving directory '/home/spack/devel-env/scr/spack-build-pf7aims'
     497    make  -f examples/CMakeFiles/test_api_multiple.dir/build.make examples/CMakeFiles/tes
	    t_api_multiple.dir/build
     498    /home/spack/devel-env/scr/src/scr_copy.c: In function 'process_args':
     499    /home/spack/devel-env/scr/src/scr_copy.c:130:9: warning: implicit declaration of func
	    tion 'print_usage' [-Wimplicit-function-declaration]
     500	     print_usage();
     501	     ^~~~~~~~~~~
     502    make[2]: Entering directory '/home/spack/devel-env/scr/spack-build-pf7aims'
     503    make[2]: Nothing to be done for 'examples/CMakeFiles/test_api_multiple.dir/build'.
     504    make[2]: Leaving directory '/home/spack/devel-env/scr/spack-build-pf7aims'
  >> 505    src/CMakeFiles/scr_copy.dir/build.make:78: recipe for target 'src/CMakeFiles/scr_copy
	    .dir/scr_copy.c.o' failed
  >> 506    make[2]: *** [src/CMakeFiles/scr_copy.dir/scr_copy.c.o] Error 1
     507    make[2]: Leaving directory '/home/spack/devel-env/scr/spack-build-pf7aims'
  >> 508    CMakeFiles/Makefile2:608: recipe for target 'src/CMakeFiles/scr_copy.dir/all' failed
  >> 509    make[1]: *** [src/CMakeFiles/scr_copy.dir/all] Error 2
     510    make[1]: *** Waiting for unfinished jobs....
     511    [ 93%] Built target test_api_multiple
     512    make[1]: Leaving directory '/home/spack/devel-env/scr/spack-build-pf7aims'
  >> 513    Makefile:138: recipe for target 'all' failed
  >> 514    make: *** [all] Error 2
     515    ==> scr: Executing phase: 'install'
     516    ==> [2022-05-28-19:39:02.835947] 'make' '-j2' 'install'
     517    /home/spack/spack/opt/spack/linux-ubuntu18.04-x86_64/gcc-7.5.0/cmake-3.21.4-anj6kcxdx
	    zhfufoypya56mmsmxlyucea/bin/cmake -S/home/spack/devel-env/scr -B/home/spack/devel-env
	    /scr/spack-build-pf7aims --check-build-system CMakeFiles/Makefile.cmake 0
     518    /home/spack/spack/opt/spack/linux-ubuntu18.04-x86_64/gcc-7.5.0/cmake-3.21.4-anj6kcxdx
	    zhfufoypya56mmsmxlyucea/bin/cmake -E cmake_progress_start /home/spack/devel-env/scr/s
	    pack-build-pf7aims/CMakeFiles /home/spack/devel-env/scr/spack-build-pf7aims//CMakeFil
	    es/progress.marks
     519    make  -f CMakeFiles/Makefile2 all
     520    make[1]: Entering directory '/home/spack/devel-env/scr/spack-build-pf7aims'

See build log for details:
  /home/spack/devel-env/scr/spack-build-out.txt

==> Warning: Skipping build of macsio-1.1-qi4pkspejhjnxkyyemzs7tooiliw4yif since scr-3.0rc2-pf7aims2yr3cuypc3wnl2hvj5udjb3dd failed
==> Error: macsio-1.1-qi4pkspejhjnxkyyemzs7tooiliw4yif: Package was not installed
==> Error: Installation request failed.  Refer to reported errors for failing package(s).
