$ spack install
[+] /usr (external glibc-2.35-qg7qyazcn2fwrck5vgr3mxq3i4uxkhlo)
[+] /home/spack/spack/opt/spack/linux-x86_64_v3/compiler-wrapper-1.0-ntccuj2fi3y7asqifeq3i4iylrbxakw2
[+] /usr (external gcc-11.4.0-ml7cem5pfeoluzbhb7jsiisemvoauaz5)
[+] /home/spack/spack/opt/spack/linux-x86_64_v3/gcc-runtime-11.4.0-nokfxvaa4aklxfhoymvz6hlvbqw3kwnh
[+] /home/spack/spack/opt/spack/linux-x86_64_v3/gmake-4.4.1-4obn7cgqfwoxyvmnpeedud63bsjhoqma
[+] /home/spack/spack/opt/spack/linux-x86_64_v3/libgpg-error-1.55-jerwahojdgk4ga5b5vopwmu4oto356qx
[+] /home/spack/spack/opt/spack/linux-x86_64_v3/ncurses-6.5-20250705-ncdxq3juvboefpavgmovg5rb5bx76ohz
[+] /home/spack/spack/opt/spack/linux-x86_64_v3/pdsh-2.31-eicmuq5waz3gebhupmaxeo5bw5cl2gkm
[+] /home/spack/spack/opt/spack/linux-x86_64_v3/berkeley-db-18.1.40-vdgigswy4fvttrivbedl4cp7bl72esma
[+] /home/spack/spack/opt/spack/linux-x86_64_v3/json-cwx-0.12-xb3rsbkkz6mb4b2rapjkeq5iginffvwi
[+] /home/spack/spack/opt/spack/linux-x86_64_v3/bzip2-1.0.8-x7t4najic2jb46srjiebkrf55utda3nl
[+] /home/spack/spack/opt/spack/linux-x86_64_v3/libmd-1.1.0-gth3ii5boey5akbsen5la4rgqpeaqkmx
[+] /home/spack/spack/opt/spack/linux-x86_64_v3/json-c-0.18-5viqezvbwekimujkx7dj3xc6qlwzmqes
[+] /home/spack/spack/opt/spack/linux-x86_64_v3/xz-5.6.3-yzaocbs7geczi5d7qyvmqwrxi4r7dvph
[+] /home/spack/spack/opt/spack/linux-x86_64_v3/pcre2-10.44-z5vjj7qwopnby63vu35fgh5ojadzfc4x
[+] /home/spack/spack/opt/spack/linux-x86_64_v3/mbedtls-2.28.9-bz3ghzheol2ecbi3vpldgbb3yd7yblle
[+] /home/spack/spack/opt/spack/linux-x86_64_v3/numactl-2.0.18-yzbm5q6nblzcjccy7kddijqdnkgkxvtp
[+] /home/spack/spack/opt/spack/linux-x86_64_v3/libffi-3.5.2-zgro4twqg3qnq6hx6ohsjlejatth3rxa
[+] /home/spack/spack/opt/spack/linux-x86_64_v3/zlib-ng-2.0.7-qlavhjbsgqyboovfvsultjdwzz5nvthw
[+] /home/spack/spack/opt/spack/linux-x86_64_v3/nghttp2-1.48.0-ft5kpbdiz6kctcooz4ksam37pskskehg
[+] /home/spack/spack/opt/spack/linux-x86_64_v3/zstd-1.5.7-foiizhdg2mc4jdjtuddksbzvr64roxea
[+] /home/spack/spack/opt/spack/linux-x86_64_v3/libxcrypt-4.4.38-yiij42powrfh2mwjebwiqxmkvinutofr
[+] /home/spack/spack/opt/spack/linux-x86_64_v3/libiconv-1.18-qtepnkrdvqazp3jmfnheapckbemejrhq
[+] /home/spack/spack/opt/spack/linux-x86_64_v3/libpciaccess-0.17-txbwcin227323qmxmg4opnj4r4tvenz4
[+] /home/spack/spack/opt/spack/linux-x86_64_v3/pkgconf-2.5.1-f4qiprwjcd2q3fp63uzgp47f3kw66r5h
[+] /home/spack/spack/opt/spack/linux-x86_64_v3/lz4-1.10.0-7m7ijnovafqfvcxitqrbveal5qgz57cy
[+] /home/spack/spack/opt/spack/linux-x86_64_v3/libgcrypt-1.11.2-4j7zjzsf5hbmbypjyd4gqmpy6yp2esmn
[+] /home/spack/spack/opt/spack/linux-x86_64_v3/readline-8.3-c6d2zljdklrjdya4xy236brmpdonc2xo
[+] /home/spack/spack/opt/spack/linux-x86_64_v3/libbsd-0.12.2-ucrhsywwalxwcqigisozcu2xvvhx3zwx
[+] /home/spack/spack/opt/spack/linux-x86_64_v3/pigz-2.8-kaz756eya6nj3ardls4b6aiaclkaux7i
[+] /home/spack/spack/opt/spack/linux-x86_64_v3/libssh2-1.11.1-txa2olxuoxfkv7jdjrdw27djcf6fa5sz
[+] /home/spack/spack/opt/spack/linux-x86_64_v3/openssl-3.6.0-gv7wpik32unrnickoxbgm5iqza572w6s
[+] /home/spack/spack/opt/spack/linux-x86_64_v3/hdf5-1.14.6-7mm6knnnjxquabuuhme4sjpe6d6vfawh
[+] /home/spack/spack/opt/spack/linux-x86_64_v3/libxml2-2.13.5-5trxrsws5dig3bf63uc4xzcbsywsqtjo
[+] /home/spack/spack/opt/spack/linux-x86_64_v3/util-linux-uuid-2.41-n45otd3wy4fv7iawv52hiogfs63hxfpz
[+] /home/spack/spack/opt/spack/linux-x86_64_v3/libedit-3.1-20240808-hdzcfgipukcqxsw7hjkksstbbz5otx3x
[+] /home/spack/spack/opt/spack/linux-x86_64_v3/gdbm-1.25-aq7qwy6yezwhtwdrsyqen65rmjmlth27
[+] /home/spack/spack/opt/spack/linux-x86_64_v3/sqlite-3.50.4-elvodybm3egmq2kdk74ca3jdhzcnxu77
[+] /home/spack/spack/opt/spack/linux-x86_64_v3/expat-2.7.3-7yr5v6w2xu5f4bohfxjcsnb2snnwwj5m
[+] /home/spack/spack/opt/spack/linux-x86_64_v3/tar-1.35-lfgvgvawnpdxxz7prdfn4vsfgtwruxjc
[+] /home/spack/spack/opt/spack/linux-x86_64_v3/curl-8.15.0-isdtvvdziidtozwacfgtdcv3cukd7uuz
[+] /home/spack/spack/opt/spack/linux-x86_64_v3/libevent-2.1.12-lprginh6npwjirdhmghjqjckaa7ukrri
[+] /home/spack/spack/opt/spack/linux-x86_64_v3/munge-0.5.15-itsnhnf3jn5ual4k7intv62hnu54gplq
[+] /home/spack/spack/opt/spack/linux-x86_64_v3/hwloc-2.12.2-4hos3725nynk2bsskofvtcmk6pmtcjg4
[+] /home/spack/spack/opt/spack/linux-x86_64_v3/perl-5.42.0-62kt5y4kl7uhwljviixr3m4dyf5vre7t
[+] /home/spack/spack/opt/spack/linux-x86_64_v3/gettext-0.23.1-cakgj4ntlncc4zsgty5z6sa7f7mwvlt7
[+] /home/spack/spack/opt/spack/linux-x86_64_v3/cmake-3.31.9-ivvor7vdsqvplv65yyfragoxppyfi33t
[+] /home/spack/spack/opt/spack/linux-x86_64_v3/pmix-6.0.0-yqlblh6p4u6vwmfhtffyrnxyqrliw2jm
[+] /home/spack/spack/opt/spack/linux-x86_64_v3/krb5-1.21.3-hnmy4fwwly5s4xifp5roodj6opppwwiu
[+] /home/spack/spack/opt/spack/linux-x86_64_v3/elfutils-0.193-brbwl6lkh323duhprbcxlmwwk7zz2cs2
[+] /home/spack/spack/opt/spack/linux-x86_64_v3/python-3.11.14-rbf2x4id5wuf7yihgm6fv5vtm2qoc2bz
[+] /home/spack/spack/opt/spack/linux-x86_64_v3/prrte-4.0.0-buin62mintd2cczzj6vsvai45vhpgg6w
[+] /home/spack/spack/opt/spack/linux-x86_64_v3/openssh-9.9p1-cxdcxo5pdxc2nk7domxigdqiygg4757e
[+] /home/spack/spack/opt/spack/linux-x86_64_v3/python-venv-1.0-essoyki3al5aam2wqamlejoclcd7jf6o
[+] /home/spack/spack/opt/spack/linux-x86_64_v3/openmpi-5.0.8-tqxbnvoiw3nzds4xypcualamx3cvisln
[+] /home/spack/spack/opt/spack/linux-x86_64_v3/glib-2.86.1-arsxi4dynj54sx2h3mcryrco7pml4yhf
[+] /home/spack/spack/opt/spack/linux-x86_64_v3/lwgrp-1.0.6-bms4pwx7whtr74fbz6idyyk5lbgpv72z
[+] /home/spack/spack/opt/spack/linux-x86_64_v3/silo-4.11.1-vsguusygbz767eclcacoq2hzu3ivoeez
[+] /home/spack/spack/opt/spack/linux-x86_64_v3/slurm-25-05-1-1-tc55ttmephfx5nx3s7o7lem6w2hbke34
[+] /home/spack/spack/opt/spack/linux-x86_64_v3/dtcmp-1.1.5-2kcmd2x76so5ites4co66qnkqukjenot
[+] /home/spack/spack/opt/spack/linux-x86_64_v3/libyogrt-1.35-ylblit5vwtdqn2zoc7ghzfmmf46bgm5g
==> No binary for scr-2.0.0-xuzclql7mxpy3jegwg6po3ewjbjoxfyw found: installing from source
==> Installing scr-2.0.0-xuzclql7mxpy3jegwg6po3ewjbjoxfyw [62/63]
==> No patches needed for scr
==> scr: Executing phase: 'cmake'
==> scr: Executing phase: 'build'
==> Error: ProcessError: Command exited with status 2:
    '/home/spack/spack/opt/spack/linux-x86_64_v3/gmake-4.4.1-4obn7cgqfwoxyvmnpeedud63bsjhoqma/bin/make' '-j4'

4 errors found in build log:
     147    cd /tmp/spack/spack-stage/spack-stage-scr-2.0.0-xuzclql7mxpy3jegwg6po3ewjbjoxfyw/
	    spack-build-xuzclql && /home/spack/spack/opt/spack/linux-x86_64_v3/cmake-3.31.9-i
	    vvor7vdsqvplv65yyfragoxppyfi33t/bin/cmake -E cmake_depends "Unix Makefiles" /home
	    /spack/devel-env/scr /home/spack/devel-env/scr/src /tmp/spack/spack-stage/spack-s
	    tage-scr-2.0.0-xuzclql7mxpy3jegwg6po3ewjbjoxfyw/spack-build-xuzclql /tmp/spack/sp
	    ack-stage/spack-stage-scr-2.0.0-xuzclql7mxpy3jegwg6po3ewjbjoxfyw/spack-build-xuzc
	    lql/src /tmp/spack/spack-stage/spack-stage-scr-2.0.0-xuzclql7mxpy3jegwg6po3ewjbjo
	    xfyw/spack-build-xuzclql/src/CMakeFiles/scr-static.dir/DependInfo.cmake "--color=
	    "
     148    [ 81%] Built target scr_transfer
     149    make[2]: Leaving directory '/tmp/spack/spack-stage/spack-stage-scr-2.0.0-xuzclql7
	    mxpy3jegwg6po3ewjbjoxfyw/spack-build-xuzclql'
     150    make[2]: Leaving directory '/tmp/spack/spack-stage/spack-stage-scr-2.0.0-xuzclql7
	    mxpy3jegwg6po3ewjbjoxfyw/spack-build-xuzclql'
     151    /home/spack/spack/opt/spack/linux-x86_64_v3/gmake-4.4.1-4obn7cgqfwoxyvmnpeedud63b
	    sjhoqma/bin/make  -f src/CMakeFiles/scr.dir/build.make src/CMakeFiles/scr.dir/bui
	    ld
     152    /home/spack/spack/opt/spack/linux-x86_64_v3/gmake-4.4.1-4obn7cgqfwoxyvmnpeedud63b
	    sjhoqma/bin/make  -f src/CMakeFiles/scr-static.dir/build.make src/CMakeFiles/scr-
	    static.dir/build
  >> 153    /home/spack/devel-env/scr/src/scr_copy.c:44:1: error: expected ',' or ';' before
	    'int'
     154       44 | int print_usage()
     155	  | ^~~
     156    make[2]: Entering directory '/tmp/spack/spack-stage/spack-stage-scr-2.0.0-xuzclql
	    7mxpy3jegwg6po3ewjbjoxfyw/spack-build-xuzclql'
     157    make[2]: Nothing to be done for 'src/CMakeFiles/scr.dir/build'.
     158    make[2]: Leaving directory '/tmp/spack/spack-stage/spack-stage-scr-2.0.0-xuzclql7
	    mxpy3jegwg6po3ewjbjoxfyw/spack-build-xuzclql'
     159    make[2]: Entering directory '/tmp/spack/spack-stage/spack-stage-scr-2.0.0-xuzclql
	    7mxpy3jegwg6po3ewjbjoxfyw/spack-build-xuzclql'
     160    make[2]: Nothing to be done for 'src/CMakeFiles/scr-static.dir/build'.
     161    make[2]: Leaving directory '/tmp/spack/spack-stage/spack-stage-scr-2.0.0-xuzclql7
	    mxpy3jegwg6po3ewjbjoxfyw/spack-build-xuzclql'
     162    /home/spack/devel-env/scr/src/scr_copy.c: In function 'process_args':
     163    /home/spack/devel-env/scr/src/scr_copy.c:135:9: warning: implicit declaration of
	    function 'print_usage' [-Wimplicit-function-declaration]
     164      135 |	    print_usage();
     165	  |	    ^~~~~~~~~~~
  >> 166    make[2]: *** [src/CMakeFiles/scr_copy.dir/build.make:82: src/CMakeFiles/scr_copy.
	    dir/scr_copy.c.o] Error 1
     167    make[2]: Leaving directory '/tmp/spack/spack-stage/spack-stage-scr-2.0.0-xuzclql7
	    mxpy3jegwg6po3ewjbjoxfyw/spack-build-xuzclql'
  >> 168    make[1]: *** [CMakeFiles/Makefile2:1336: src/CMakeFiles/scr_copy.dir/all] Error 2
     169    make[1]: *** Waiting for unfinished jobs....
     170    [ 82%] Built target scr
     171    [ 83%] Built target scr-static
     172    make[1]: Leaving directory '/tmp/spack/spack-stage/spack-stage-scr-2.0.0-xuzclql7
	    mxpy3jegwg6po3ewjbjoxfyw/spack-build-xuzclql'
  >> 173    make: *** [Makefile:149: all] Error 2
     174    ==> scr: Executing phase: 'install'
     175    ==> [2025-11-17-08:53:40.517325] '/home/spack/spack/opt/spack/linux-x86_64_v3/gma
	    ke-4.4.1-4obn7cgqfwoxyvmnpeedud63bsjhoqma/bin/make' '-j4' 'install'
     176    /home/spack/spack/opt/spack/linux-x86_64_v3/cmake-3.31.9-ivvor7vdsqvplv65yyfragox
	    ppyfi33t/bin/cmake -S/home/spack/devel-env/scr -B/tmp/spack/spack-stage/spack-sta
	    ge-scr-2.0.0-xuzclql7mxpy3jegwg6po3ewjbjoxfyw/spack-build-xuzclql --check-build-s
	    ystem CMakeFiles/Makefile.cmake 0
     177    /home/spack/spack/opt/spack/linux-x86_64_v3/cmake-3.31.9-ivvor7vdsqvplv65yyfragox
	    ppyfi33t/bin/cmake -E cmake_progress_start /tmp/spack/spack-stage/spack-stage-scr
	    -2.0.0-xuzclql7mxpy3jegwg6po3ewjbjoxfyw/spack-build-xuzclql/CMakeFiles /tmp/spack
	    /spack-stage/spack-stage-scr-2.0.0-xuzclql7mxpy3jegwg6po3ewjbjoxfyw/spack-build-x
	    uzclql//CMakeFiles/progress.marks
     178    /home/spack/spack/opt/spack/linux-x86_64_v3/gmake-4.4.1-4obn7cgqfwoxyvmnpeedud63b
	    sjhoqma/bin/make  -f CMakeFiles/Makefile2 all
     179    make[1]: Entering directory '/tmp/spack/spack-stage/spack-stage-scr-2.0.0-xuzclql
	    7mxpy3jegwg6po3ewjbjoxfyw/spack-build-xuzclql'

See build log for details:
  /tmp/spack/spack-stage/spack-stage-scr-2.0.0-xuzclql7mxpy3jegwg6po3ewjbjoxfyw/spack-build-out.txt

==> Warning: Skipping build of macsio-1.1-3uiweakny3apccoagw7fczwrjwoeqxwu since scr-2.0.0-xuzclql7mxpy3jegwg6po3ewjbjoxfyw failed
==> Error: macsio-1.1-3uiweakny3apccoagw7fczwrjwoeqxwu: Package was not installed
==> Error: Installation request failed.	 Refer to reported errors for failing package(s).
